<?xml version="1.0" encoding="UTF-8"?>
<testsuite xmlns:xsi="http://www.w3.org/2001/XMLSchema-instance" xsi:noNamespaceSchemaLocation="https://maven.apache.org/surefire/maven-surefire-plugin/xsd/surefire-test-report-3.0.xsd" version="3.0" name="com.levio.awsdemo.resume.AppTest" time="0.175" tests="1" errors="0" skipped="0" failures="0">
  <properties>
    <property name="java.specification.version" value="17"/>
    <property name="sun.cpu.isalist" value="amd64"/>
    <property name="sun.jnu.encoding" value="Cp1252"/>
    <property name="java.class.path" value="C:\Users\b_bri\IdeaProjects\levio-aws-demo-form-backend\ResumeProcessor\ResumeFunction\target\test-classes;C:\Users\b_bri\IdeaProjects\levio-aws-demo-form-backend\ResumeProcessor\ResumeFunction\target\classes;C:\Users\b_bri\.m2\repository\com\amazonaws\aws-lambda-java-core\1.2.1\aws-lambda-java-core-1.2.1.jar;C:\Users\b_bri\.m2\repository\com\amazonaws\aws-lambda-java-events\3.11.0\aws-lambda-java-events-3.11.0.jar;C:\Users\b_bri\.m2\repository\joda-time\joda-time\2.6\joda-time-2.6.jar;C:\Users\b_bri\.m2\repository\software\amazon\awssdk\bedrockruntime\2.21.17\bedrockruntime-2.21.17.jar;C:\Users\b_bri\.m2\repository\software\amazon\awssdk\protocol-core\2.21.17\protocol-core-2.21.17.jar;C:\Users\b_bri\.m2\repository\software\amazon\awssdk\aws-json-protocol\2.21.17\aws-json-protocol-2.21.17.jar;C:\Users\b_bri\.m2\repository\software\amazon\awssdk\third-party-jackson-core\2.21.17\third-party-jackson-core-2.21.17.jar;C:\Users\b_bri\.m2\repository\software\amazon\awssdk\http-auth-aws\2.21.17\http-auth-aws-2.21.17.jar;C:\Users\b_bri\.m2\repository\software\amazon\awssdk\checksums-spi\2.21.17\checksums-spi-2.21.17.jar;C:\Users\b_bri\.m2\repository\software\amazon\awssdk\checksums\2.21.17\checksums-2.21.17.jar;C:\Users\b_bri\.m2\repository\software\amazon\awssdk\sdk-core\2.21.17\sdk-core-2.21.17.jar;C:\Users\b_bri\.m2\repository\org\slf4j\slf4j-api\1.7.30\slf4j-api-1.7.30.jar;C:\Users\b_bri\.m2\repository\org\reactivestreams\reactive-streams\1.0.4\reactive-streams-1.0.4.jar;C:\Users\b_bri\.m2\repository\software\amazon\awssdk\auth\2.21.17\auth-2.21.17.jar;C:\Users\b_bri\.m2\repository\software\amazon\eventstream\eventstream\1.0.1\eventstream-1.0.1.jar;C:\Users\b_bri\.m2\repository\software\amazon\awssdk\http-auth-spi\2.21.17\http-auth-spi-2.21.17.jar;C:\Users\b_bri\.m2\repository\software\amazon\awssdk\http-auth\2.21.17\http-auth-2.21.17.jar;C:\Users\b_bri\.m2\repository\software\amazon\awssdk\identity-spi\2.21.17\identity-spi-2.21.17.jar;C:\Users\b_bri\.m2\repository\software\amazon\awssdk\http-client-spi\2.21.17\http-client-spi-2.21.17.jar;C:\Users\b_bri\.m2\repository\software\amazon\awssdk\regions\2.21.17\regions-2.21.17.jar;C:\Users\b_bri\.m2\repository\software\amazon\awssdk\annotations\2.21.17\annotations-2.21.17.jar;C:\Users\b_bri\.m2\repository\software\amazon\awssdk\utils\2.21.17\utils-2.21.17.jar;C:\Users\b_bri\.m2\repository\software\amazon\awssdk\aws-core\2.21.17\aws-core-2.21.17.jar;C:\Users\b_bri\.m2\repository\software\amazon\awssdk\metrics-spi\2.21.17\metrics-spi-2.21.17.jar;C:\Users\b_bri\.m2\repository\software\amazon\awssdk\json-utils\2.21.17\json-utils-2.21.17.jar;C:\Users\b_bri\.m2\repository\software\amazon\awssdk\endpoints-spi\2.21.17\endpoints-spi-2.21.17.jar;C:\Users\b_bri\.m2\repository\software\amazon\awssdk\profiles\2.21.17\profiles-2.21.17.jar;C:\Users\b_bri\.m2\repository\software\amazon\awssdk\netty-nio-client\2.21.17\netty-nio-client-2.21.17.jar;C:\Users\b_bri\.m2\repository\io\netty\netty-codec-http\4.1.100.Final\netty-codec-http-4.1.100.Final.jar;C:\Users\b_bri\.m2\repository\io\netty\netty-codec-http2\4.1.100.Final\netty-codec-http2-4.1.100.Final.jar;C:\Users\b_bri\.m2\repository\io\netty\netty-codec\4.1.100.Final\netty-codec-4.1.100.Final.jar;C:\Users\b_bri\.m2\repository\io\netty\netty-transport\4.1.100.Final\netty-transport-4.1.100.Final.jar;C:\Users\b_bri\.m2\repository\io\netty\netty-common\4.1.100.Final\netty-common-4.1.100.Final.jar;C:\Users\b_bri\.m2\repository\io\netty\netty-buffer\4.1.100.Final\netty-buffer-4.1.100.Final.jar;C:\Users\b_bri\.m2\repository\io\netty\netty-handler\4.1.100.Final\netty-handler-4.1.100.Final.jar;C:\Users\b_bri\.m2\repository\io\netty\netty-transport-native-unix-common\4.1.100.Final\netty-transport-native-unix-common-4.1.100.Final.jar;C:\Users\b_bri\.m2\repository\io\netty\netty-transport-classes-epoll\4.1.100.Final\netty-transport-classes-epoll-4.1.100.Final.jar;C:\Users\b_bri\.m2\repository\io\netty\netty-resolver\4.1.100.Final\netty-resolver-4.1.100.Final.jar;C:\Users\b_bri\.m2\repository\software\amazon\awssdk\apache-client\2.20.52\apache-client-2.20.52.jar;C:\Users\b_bri\.m2\repository\org\apache\httpcomponents\httpclient\4.5.13\httpclient-4.5.13.jar;C:\Users\b_bri\.m2\repository\commons-logging\commons-logging\1.2\commons-logging-1.2.jar;C:\Users\b_bri\.m2\repository\org\apache\httpcomponents\httpcore\4.4.13\httpcore-4.4.13.jar;C:\Users\b_bri\.m2\repository\commons-codec\commons-codec\1.15\commons-codec-1.15.jar;C:\Users\b_bri\.m2\repository\org\json\json\20231013\json-20231013.jar;C:\Users\b_bri\.m2\repository\junit\junit\4.13.2\junit-4.13.2.jar;C:\Users\b_bri\.m2\repository\org\hamcrest\hamcrest-core\1.3\hamcrest-core-1.3.jar;"/>
    <property name="java.vm.vendor" value="Amazon.com Inc."/>
    <property name="sun.arch.data.model" value="64"/>
    <property name="user.variant" value=""/>
    <property name="java.vendor.url" value="https://aws.amazon.com/corretto/"/>
    <property name="user.timezone" value="America/Toronto"/>
    <property name="user.country.format" value="CA"/>
    <property name="os.name" value="Windows 11"/>
    <property name="java.vm.specification.version" value="17"/>
    <property name="sun.java.launcher" value="SUN_STANDARD"/>
    <property name="user.country" value="US"/>
    <property name="sun.boot.library.path" value="C:\Users\b_bri\.jdks\corretto-17.0.10\bin"/>
    <property name="sun.java.command" value="C:\Users\b_bri\AppData\Local\Temp\surefire4842929349263081145\surefirebooter-20240314120920916_3.jar C:\Users\b_bri\AppData\Local\Temp\surefire4842929349263081145 2024-03-14T12-09-20_092-jvmRun1 surefire-20240314120920916_1tmp surefire_0-20240314120920916_2tmp"/>
    <property name="jdk.debug" value="release"/>
    <property name="surefire.test.class.path" value="C:\Users\b_bri\IdeaProjects\levio-aws-demo-form-backend\ResumeProcessor\ResumeFunction\target\test-classes;C:\Users\b_bri\IdeaProjects\levio-aws-demo-form-backend\ResumeProcessor\ResumeFunction\target\classes;C:\Users\b_bri\.m2\repository\com\amazonaws\aws-lambda-java-core\1.2.1\aws-lambda-java-core-1.2.1.jar;C:\Users\b_bri\.m2\repository\com\amazonaws\aws-lambda-java-events\3.11.0\aws-lambda-java-events-3.11.0.jar;C:\Users\b_bri\.m2\repository\joda-time\joda-time\2.6\joda-time-2.6.jar;C:\Users\b_bri\.m2\repository\software\amazon\awssdk\bedrockruntime\2.21.17\bedrockruntime-2.21.17.jar;C:\Users\b_bri\.m2\repository\software\amazon\awssdk\protocol-core\2.21.17\protocol-core-2.21.17.jar;C:\Users\b_bri\.m2\repository\software\amazon\awssdk\aws-json-protocol\2.21.17\aws-json-protocol-2.21.17.jar;C:\Users\b_bri\.m2\repository\software\amazon\awssdk\third-party-jackson-core\2.21.17\third-party-jackson-core-2.21.17.jar;C:\Users\b_bri\.m2\repository\software\amazon\awssdk\http-auth-aws\2.21.17\http-auth-aws-2.21.17.jar;C:\Users\b_bri\.m2\repository\software\amazon\awssdk\checksums-spi\2.21.17\checksums-spi-2.21.17.jar;C:\Users\b_bri\.m2\repository\software\amazon\awssdk\checksums\2.21.17\checksums-2.21.17.jar;C:\Users\b_bri\.m2\repository\software\amazon\awssdk\sdk-core\2.21.17\sdk-core-2.21.17.jar;C:\Users\b_bri\.m2\repository\org\slf4j\slf4j-api\1.7.30\slf4j-api-1.7.30.jar;C:\Users\b_bri\.m2\repository\org\reactivestreams\reactive-streams\1.0.4\reactive-streams-1.0.4.jar;C:\Users\b_bri\.m2\repository\software\amazon\awssdk\auth\2.21.17\auth-2.21.17.jar;C:\Users\b_bri\.m2\repository\software\amazon\eventstream\eventstream\1.0.1\eventstream-1.0.1.jar;C:\Users\b_bri\.m2\repository\software\amazon\awssdk\http-auth-spi\2.21.17\http-auth-spi-2.21.17.jar;C:\Users\b_bri\.m2\repository\software\amazon\awssdk\http-auth\2.21.17\http-auth-2.21.17.jar;C:\Users\b_bri\.m2\repository\software\amazon\awssdk\identity-spi\2.21.17\identity-spi-2.21.17.jar;C:\Users\b_bri\.m2\repository\software\amazon\awssdk\http-client-spi\2.21.17\http-client-spi-2.21.17.jar;C:\Users\b_bri\.m2\repository\software\amazon\awssdk\regions\2.21.17\regions-2.21.17.jar;C:\Users\b_bri\.m2\repository\software\amazon\awssdk\annotations\2.21.17\annotations-2.21.17.jar;C:\Users\b_bri\.m2\repository\software\amazon\awssdk\utils\2.21.17\utils-2.21.17.jar;C:\Users\b_bri\.m2\repository\software\amazon\awssdk\aws-core\2.21.17\aws-core-2.21.17.jar;C:\Users\b_bri\.m2\repository\software\amazon\awssdk\metrics-spi\2.21.17\metrics-spi-2.21.17.jar;C:\Users\b_bri\.m2\repository\software\amazon\awssdk\json-utils\2.21.17\json-utils-2.21.17.jar;C:\Users\b_bri\.m2\repository\software\amazon\awssdk\endpoints-spi\2.21.17\endpoints-spi-2.21.17.jar;C:\Users\b_bri\.m2\repository\software\amazon\awssdk\profiles\2.21.17\profiles-2.21.17.jar;C:\Users\b_bri\.m2\repository\software\amazon\awssdk\netty-nio-client\2.21.17\netty-nio-client-2.21.17.jar;C:\Users\b_bri\.m2\repository\io\netty\netty-codec-http\4.1.100.Final\netty-codec-http-4.1.100.Final.jar;C:\Users\b_bri\.m2\repository\io\netty\netty-codec-http2\4.1.100.Final\netty-codec-http2-4.1.100.Final.jar;C:\Users\b_bri\.m2\repository\io\netty\netty-codec\4.1.100.Final\netty-codec-4.1.100.Final.jar;C:\Users\b_bri\.m2\repository\io\netty\netty-transport\4.1.100.Final\netty-transport-4.1.100.Final.jar;C:\Users\b_bri\.m2\repository\io\netty\netty-common\4.1.100.Final\netty-common-4.1.100.Final.jar;C:\Users\b_bri\.m2\repository\io\netty\netty-buffer\4.1.100.Final\netty-buffer-4.1.100.Final.jar;C:\Users\b_bri\.m2\repository\io\netty\netty-handler\4.1.100.Final\netty-handler-4.1.100.Final.jar;C:\Users\b_bri\.m2\repository\io\netty\netty-transport-native-unix-common\4.1.100.Final\netty-transport-native-unix-common-4.1.100.Final.jar;C:\Users\b_bri\.m2\repository\io\netty\netty-transport-classes-epoll\4.1.100.Final\netty-transport-classes-epoll-4.1.100.Final.jar;C:\Users\b_bri\.m2\repository\io\netty\netty-resolver\4.1.100.Final\netty-resolver-4.1.100.Final.jar;C:\Users\b_bri\.m2\repository\software\amazon\awssdk\apache-client\2.20.52\apache-client-2.20.52.jar;C:\Users\b_bri\.m2\repository\org\apache\httpcomponents\httpclient\4.5.13\httpclient-4.5.13.jar;C:\Users\b_bri\.m2\repository\commons-logging\commons-logging\1.2\commons-logging-1.2.jar;C:\Users\b_bri\.m2\repository\org\apache\httpcomponents\httpcore\4.4.13\httpcore-4.4.13.jar;C:\Users\b_bri\.m2\repository\commons-codec\commons-codec\1.15\commons-codec-1.15.jar;C:\Users\b_bri\.m2\repository\org\json\json\20231013\json-20231013.jar;C:\Users\b_bri\.m2\repository\junit\junit\4.13.2\junit-4.13.2.jar;C:\Users\b_bri\.m2\repository\org\hamcrest\hamcrest-core\1.3\hamcrest-core-1.3.jar;"/>
    <property name="sun.cpu.endian" value="little"/>
    <property name="user.home" value="C:\Users\b_bri"/>
    <property name="user.language" value="en"/>
    <property name="java.specification.vendor" value="Oracle Corporation"/>
    <property name="java.version.date" value="2024-01-16"/>
    <property name="java.home" value="C:\Users\b_bri\.jdks\corretto-17.0.10"/>
    <property name="file.separator" value="\"/>
    <property name="basedir" value="C:\Users\b_bri\IdeaProjects\levio-aws-demo-form-backend\ResumeProcessor\ResumeFunction"/>
    <property name="java.vm.compressedOopsMode" value="32-bit"/>
    <property name="line.separator" value="&#10;"/>
    <property name="java.vm.specification.vendor" value="Oracle Corporation"/>
    <property name="java.specification.name" value="Java Platform API Specification"/>
    <property name="surefire.real.class.path" value="C:\Users\b_bri\AppData\Local\Temp\surefire4842929349263081145\surefirebooter-20240314120920916_3.jar"/>
    <property name="user.script" value=""/>
    <property name="sun.management.compiler" value="HotSpot 64-Bit Tiered Compilers"/>
    <property name="java.runtime.version" value="17.0.10+7-LTS"/>
    <property name="user.name" value="b_bri"/>
    <property name="path.separator" value=";"/>
    <property name="os.version" value="10.0"/>
    <property name="java.runtime.name" value="OpenJDK Runtime Environment"/>
    <property name="file.encoding" value="Cp1252"/>
    <property name="java.vm.name" value="OpenJDK 64-Bit Server VM"/>
    <property name="java.vendor.version" value="Corretto-17.0.10.7.1"/>
    <property name="localRepository" value="C:\Users\b_bri\.m2\repository"/>
    <property name="java.vendor.url.bug" value="https://github.com/corretto/corretto-17/issues/"/>
    <property name="java.io.tmpdir" value="C:\Users\b_bri\AppData\Local\Temp\"/>
    <property name="idea.version" value="2023.3.4"/>
    <property name="java.version" value="17.0.10"/>
    <property name="user.dir" value="C:\Users\b_bri\IdeaProjects\levio-aws-demo-form-backend\ResumeProcessor\ResumeFunction"/>
    <property name="os.arch" value="amd64"/>
    <property name="java.vm.specification.name" value="Java Virtual Machine Specification"/>
    <property name="user.language.format" value="fr"/>
    <property name="sun.os.patch.level" value=""/>
    <property name="native.encoding" value="Cp1252"/>
    <property name="java.library.path" value="C:\Users\b_bri\.jdks\corretto-17.0.10\bin;C:\WINDOWS\Sun\Java\bin;C:\WINDOWS\system32;C:\WINDOWS;C:\Program Files\Microsoft SDKs\Azure\CLI2\wbin;C:\WINDOWS\system32;C:\WINDOWS;C:\WINDOWS\System32\Wbem;C:\WINDOWS\System32\WindowsPowerShell\v1.0\;C:\WINDOWS\System32\OpenSSH\;C:\Program Files\Git\cmd;C:\Program Files\Amazon\AWSCLIV2\;C:\Program Files\Amazon\AWSSAMCLI\bin\;C:\Program Files\Microsoft\Azure Functions Core Tools\;C:\Program Files\Microsoft SQL Server\150\Tools\Binn\;C:\Program Files\Microsoft SQL Server\Client SDK\ODBC\170\Tools\Binn\;C:\Program Files\dotnet\;C:\Program Files\Terraform;C:\Program Files\JetBrains\IntelliJ IDEA 2023.1.2\plugins\maven\lib\maven3\bin;C:\Program Files\Microsoft SDKs\Azure\CLI2\wbin\az;C:\Program Files\Docker\Docker\resources\bin;C:\Program Files\nodejs\;C:\Users\b_bri\.jdks\corretto-17.0.9\bin;C:\Users\b_bri\AppData\Local\Programs\Python\Python312\Scripts\;C:\Users\b_bri\AppData\Local\Programs\Python\Python312\;C:\Users\b_bri\AppData\Local\Programs\Python\Launcher\;C:\Users\b_bri\AppData\Local\Microsoft\WindowsApps;C:\Users\b_bri\AppData\Local\Programs\Microsoft VS Code\bin;C:\Program Files\JetBrains\IntelliJ IDEA 2023.1.2\bin;;C:\Users\b_bri\.dotnet\tools;C:\Program Files\Terraform;;C:\Users\b_bri\AppData\Local\JetBrains\JetBrains Rider 2023.2.1\bin;;C:\Program Files\JetBrains\WebStorm 2023.3.2\bin;;C:\Users\b_bri\AppData\Roaming\npm;C:\Program Files\JetBrains\PyCharm 2023.3.3\bin;;."/>
    <property name="java.vm.info" value="mixed mode, sharing"/>
    <property name="java.vendor" value="Amazon.com Inc."/>
    <property name="java.vm.version" value="17.0.10+7-LTS"/>
    <property name="sun.io.unicode.encoding" value="UnicodeLittle"/>
    <property name="java.class.version" value="61.0"/>
  </properties>
  <testcase name="successfulResponse" classname="com.levio.awsdemo.resume.AppTest" time="0.028">
    <system-out><![CDATA[f9n7mfg2q03r35r05ro3ih8pa2og75nndj8k6v81
]]></system-out>
  </testcase>
</testsuite>